<?xml version="1.0" encoding="UTF-8"?>
<testsuite name="csci.ooad.polymorphia.MazeTest" tests="11" skipped="0" failures="0" errors="0" timestamp="2024-12-06T21:58:23" hostname="UCB-HYFY92NCM6" time="0.062">
  <properties/>
  <testcase name="testUseOfFactories()" classname="csci.ooad.polymorphia.MazeTest" time="0.044"/>
  <testcase name="testNoSuchRoom()" classname="csci.ooad.polymorphia.MazeTest" time="0.007"/>
  <testcase name="testHasLivingCreatures()" classname="csci.ooad.polymorphia.MazeTest" time="0.001"/>
  <testcase name="testToString()" classname="csci.ooad.polymorphia.MazeTest" time="0.004"/>
  <testcase name="testSequentialDistribution()" classname="csci.ooad.polymorphia.MazeTest" time="0.0"/>
  <testcase name="testRandomDistribution()" classname="csci.ooad.polymorphia.MazeTest" time="0.0"/>
  <testcase name="testCreationViaNumber()" classname="csci.ooad.polymorphia.MazeTest" time="0.001"/>
  <testcase name="testIndividualRoomCreation()" classname="csci.ooad.polymorphia.MazeTest" time="0.0"/>
  <testcase name="testRoomsWithNConnections()" classname="csci.ooad.polymorphia.MazeTest" time="0.001"/>
  <testcase name="testHasLivingAdventurers()" classname="csci.ooad.polymorphia.MazeTest" time="0.001"/>
  <testcase name="test2x2GridCreation()" classname="csci.ooad.polymorphia.MazeTest" time="0.0"/>
  <system-out><![CDATA[?[36m	Northwest:
		

	Northeast:
		Frodo(health: 5.00)

	Southwest:
		Ogre(health: 3.00)

	Southeast:
		?[0;39m]]></system-out>
  <system-err><![CDATA[]]></system-err>
</testsuite>
