<?xml version="1.0" encoding="UTF-8"?>
<testsuite name="csci.ooad.polymorphia.DieTest" tests="1" skipped="0" failures="0" errors="0" timestamp="2024-12-06T21:58:23" hostname="UCB-HYFY92NCM6" time="0.021">
  <properties/>
  <testcase name="testRandomValues()" classname="csci.ooad.polymorphia.DieTest" time="0.021"/>
  <system-out><![CDATA[{1=18, 2=17, 3=17, 4=12, 5=15, 6=21}
]]></system-out>
  <system-err><![CDATA[]]></system-err>
</testsuite>
