<?xml version="1.0" encoding="UTF-8"?>
<testsuite name="csci.ooad.polymorphia.characters.KnightTest" tests="1" skipped="0" failures="0" errors="0" timestamp="2024-12-06T21:58:23" hostname="UCB-HYFY92NCM6" time="0.001">
  <properties/>
  <testcase name="testFighting()" classname="csci.ooad.polymorphia.characters.KnightTest" time="0.001"/>
  <system-out><![CDATA[?[33mWeakKnight is fighting Ogre(health: 3.00)
?[0;39m?[33mWeakKnight rolled 2
?[0;39m?[33mOgre(health: 3.00) rolled 1
?[0;39m?[33mFightOutcome: WeakKnight won a battle against Ogre
?[0;39m]]></system-out>
  <system-err><![CDATA[]]></system-err>
</testsuite>
