<?xml version="1.0" encoding="UTF-8"?>
<testsuite name="csci.ooad.polymorphia.RoomTest" tests="6" skipped="0" failures="0" errors="0" timestamp="2024-12-06T23:21:03" hostname="UCB-HYFY92NCM6" time="0.005">
  <properties/>
  <testcase name="getRandomNeighbor()" classname="csci.ooad.polymorphia.RoomTest" time="0.001"/>
  <testcase name="testToString()" classname="csci.ooad.polymorphia.RoomTest" time="0.0"/>
  <testcase name="testGetRandomNeighborOnRoomWithNoNeighbors()" classname="csci.ooad.polymorphia.RoomTest" time="0.001"/>
  <testcase name="testEatNonExistentFood()" classname="csci.ooad.polymorphia.RoomTest" time="0.0"/>
  <testcase name="testOneAdventurerEatsFood()" classname="csci.ooad.polymorphia.RoomTest" time="0.001"/>
  <testcase name="testGetHealthiestAdventurer()" classname="csci.ooad.polymorphia.RoomTest" time="0.001"/>
  <system-out><![CDATA[	onlyRoom:
		Frodo(health: 5.00)
		Ogre(health: 3.00)
Executing command: csci.ooad.polymorphia.characters.EatCommand@29c471f6
?[33mBilbo gained health: 6.00
?[0;39mBilbo(health: 6.00)
Frodo(health: 5.00)
]]></system-out>
  <system-err><![CDATA[]]></system-err>
</testsuite>
