<?xml version="1.0" encoding="UTF-8"?>
<testsuite name="csci.ooad.polymorphia.PolymorphiaTest" tests="1" skipped="0" failures="1" errors="0" timestamp="2024-12-06T22:34:01" hostname="UCB-HYFY92NCM6" time="0.083">
  <properties/>
  <testcase name="testGetMaze()" classname="csci.ooad.polymorphia.PolymorphiaTest" time="0.083">
    <failure message="java.lang.ClassCastException: class csci.ooad.polymorphia.observer.MazeAdapter cannot be cast to class csci.ooad.polymorphia.Maze (csci.ooad.polymorphia.observer.MazeAdapter and csci.ooad.polymorphia.Maze are in unnamed module of loader 'app')" type="java.lang.ClassCastException">java.lang.ClassCastException: class csci.ooad.polymorphia.observer.MazeAdapter cannot be cast to class csci.ooad.polymorphia.Maze (csci.ooad.polymorphia.observer.MazeAdapter and csci.ooad.polymorphia.Maze are in unnamed module of loader 'app')
	at csci.ooad.polymorphia.PolymorphiaTest.testGetMaze(PolymorphiaTest.java:93)
	at java.base/java.lang.reflect.Method.invoke(Method.java:580)
	at java.base/java.util.ArrayList.forEach(ArrayList.java:1596)
	at java.base/java.util.ArrayList.forEach(ArrayList.java:1596)
</failure>
  </testcase>
  <system-out><![CDATA[]]></system-out>
  <system-err><![CDATA[]]></system-err>
</testsuite>
