<?xml version="1.0" encoding="UTF-8"?>
<testsuite name="csci.ooad.polymorphia.DieTest" tests="1" skipped="0" failures="0" errors="0" timestamp="2024-12-06T22:49:37" hostname="UCB-HYFY92NCM6" time="0.018">
  <properties/>
  <testcase name="testRandomValues()" classname="csci.ooad.polymorphia.DieTest" time="0.018"/>
  <system-out><![CDATA[{1=18, 2=12, 3=13, 4=27, 5=17, 6=13}
]]></system-out>
  <system-err><![CDATA[]]></system-err>
</testsuite>
