<?xml version="1.0" encoding="UTF-8"?>
<testsuite name="csci.ooad.polymorphia.characters.ArmorTest" tests="2" skipped="0" failures="0" errors="0" timestamp="2024-12-06T22:16:10" hostname="UCB-HYFY92NCM6" time="0.007">
  <properties/>
  <testcase name="testFindingArmorAndFighting()" classname="csci.ooad.polymorphia.characters.ArmorTest" time="0.006"/>
  <testcase name="testIAmHealthiestInRoom()" classname="csci.ooad.polymorphia.characters.ArmorTest" time="0.001"/>
  <system-out><![CDATA[?[33mBilbo put on Bronze-Armor
?[0;39marmoredBilbo: Bronze-Armored Bilbo(health: 5.00)
?[33mBronze-Armor caused Bilbo(health: 4.65) to lose 0.1 extra health in moving, due to the weight of the armor
?[0;39m?[33mBronze-Armored Bilbo moved from Adventurer Room to Another Armor Room
?[0;39m?[33mMoved: Bronze-Armored Bilbo moved from Adventurer Room to Another Armor Room
?[0;39m?[33mBronze-Armored Bilbo put on Steel-Armor
?[0;39mdoublyArmoredBilbo: Steel-Armored Bronze-Armored Bilbo(health: 4.65)
?[33mSteel-Armored Bronze-Armored Bilbo is fighting Ogre(health: 3.00)
?[0;39m?[33mSteel-Armored Bronze-Armored Bilbo rolled 1
?[0;39m?[33mOgre(health: 3.00) rolled 3
?[0;39m?[33mFightOutcome: Ogre won a battle against Steel-Armored Bronze-Armored Bilbo
?[0;39m?[33mSteel-Armor absorbed 1.0 damage
?[0;39m?[33mBronze-Armor absorbed 1.0 damage
?[0;39m?[33mBilbo put on Steel-Armor
?[0;39mstrategy: csci.ooad.polymorphia.characters.BaseStrategy@39d5376c
?[33mBilbo gained health: 6.00
?[0;39m?[33mBilbo gained health: 9.00
?[0;39m?[33mSteel-Armor absorbed 1.0 damage
?[0;39m]]></system-out>
  <system-err><![CDATA[]]></system-err>
</testsuite>
