<?xml version="1.0" encoding="UTF-8"?>
<testsuite name="csci.ooad.polymorphia.characters.CowardTest" tests="2" skipped="0" failures="0" errors="0" timestamp="2024-12-06T21:58:23" hostname="UCB-HYFY92NCM6" time="0.001">
  <properties/>
  <testcase name="testFighting()" classname="csci.ooad.polymorphia.characters.CowardTest" time="0.001"/>
  <testcase name="testRunning()" classname="csci.ooad.polymorphia.characters.CowardTest" time="0.0"/>
  <system-out><![CDATA[?[33mSatan is fighting Coward(health: 5.00)
?[0;39m?[33mSatan rolled 3
?[0;39m?[33mCoward(health: 5.00) rolled 5
?[0;39m?[33mFightOutcome: Coward won a battle against Satan
?[0;39m?[33mCoward moved from initial to final
?[0;39m?[33mMoved: Coward moved from initial to final
?[0;39m]]></system-out>
  <system-err><![CDATA[]]></system-err>
</testsuite>
