<?xml version="1.0" encoding="UTF-8"?>
<testsuite name="csci.ooad.polymorphia.DieTest" tests="1" skipped="0" failures="0" errors="0" timestamp="2024-12-06T22:16:10" hostname="UCB-HYFY92NCM6" time="0.017">
  <properties/>
  <testcase name="testRandomValues()" classname="csci.ooad.polymorphia.DieTest" time="0.017"/>
  <system-out><![CDATA[{1=12, 2=17, 3=25, 4=13, 5=16, 6=17}
]]></system-out>
  <system-err><![CDATA[]]></system-err>
</testsuite>
